<?xml version="1.0" encoding="UTF-8"?>
<!-- Generated by org.testng.reporters.JUnitReportReporter -->
<testsuite hostname="cloudodyssey" failures="0" tests="1" name="testCases.TC002_InvalidLogin" time="0.417" errors="0" timestamp="2024-12-19T16:17:07 IST" skipped="0">
  <testcase classname="testCases.TC002_InvalidLogin" name="invalidLogin" time="0.417"/>
</testsuite> <!-- testCases.TC002_InvalidLogin -->
