<?xml version="1.0" encoding="UTF-8"?>
<!-- Generated by org.testng.reporters.JUnitReportReporter -->
<testsuite hostname="cloudodyssey" failures="0" tests="1" name="testCases.TC001_ValidLoginTest" time="0.313" errors="0" timestamp="2024-12-19T16:17:07 IST" skipped="0">
  <testcase classname="testCases.TC001_ValidLoginTest" name="verifyLoginPage" time="0.313"/>
</testsuite> <!-- testCases.TC001_ValidLoginTest -->
